<?xml version="1.0" encoding="UTF-8"?>
<testsuite xmlns:xsi="http://www.w3.org/2001/XMLSchema-instance" xsi:noNamespaceSchemaLocation="https://maven.apache.org/surefire/maven-surefire-plugin/xsd/surefire-test-report.xsd" name="com.su.usercenter.service.UserServiceTest" time="2.669" tests="2" errors="1" skipped="0" failures="0">
  <properties>
[...]
</properties>
  <testcase name="testAddUser" classname="com.su.usercenter.service.UserServiceTest" time="0.695"/>
  <testcase name="register" classname="com.su.usercenter.service.UserServiceTest" time="0.016">
    <error message="请求参数错误" type="com.su.usercenter.exception.BusinessException">com.su.usercenter.exception.BusinessException: 请求参数错误
	at com.su.usercenter.service.UserServiceTest.register(UserServiceTest.java:43)
</error>
  </testcase>
</testsuite>